<?xml version="1.0" encoding="UTF-8"?>
<!-- Generated by org.testng.reporters.JUnitReportReporter -->
<testsuite hostname="IM-PC-154" name="MySpaceConfig.Maven.UtilizationClass" tests="5" failures="0" timestamp="15 May 2018 09:39:08 GMT" time="78.047" errors="0">
  <testcase name="mySpaceThemes" time="9.844" classname="MySpaceConfig.Maven.UtilizationClass"/>
  <testcase name="mySpaceThemesDisplay" time="61.130" classname="MySpaceConfig.Maven.UtilizationClass"/>
  <testcase name="myspaceLogin" time="0.841" classname="MySpaceConfig.Maven.UtilizationClass"/>
  <testcase name="mySpaceActiveTheme" time="3.774" classname="MySpaceConfig.Maven.UtilizationClass"/>
  <testcase name="mySpaceThemeSave" time="2.458" classname="MySpaceConfig.Maven.UtilizationClass"/>
</testsuite> <!-- MySpaceConfig.Maven.UtilizationClass -->
